<?xml version="1.0" encoding="UTF-8" ?>
<testsuite tests="5" failures="0" name="banking.SampleTest" time="0.001" errors="0" skipped="0">
  <properties>
[...]
</properties>
  <testcase classname="banking.SampleTest" name="bankCreditTest" time="0"/>
  <testcase classname="banking.SampleTest" name="debitTest" time="0"/>
  <testcase classname="banking.SampleTest" name="invalidPinTransaction" time="0.001"/>
  <testcase classname="banking.SampleTest" name="transactionTest" time="0"/>
  <testcase classname="banking.SampleTest" name="invalidAccountNumberTest" time="0"/>
</testsuite>